<?xml version="1.0" encoding="UTF-8"?>
<!-- Generated by org.testng.reporters.JUnitReportReporter -->
<testsuite hostname="EC2AMAZ-8KL45D2" failures="0" tests="15" name="com.WebOrder.test.WebOrder_Orders_Test" time="79.404" errors="0" timestamp="2024-09-27T06:57:05 UTC" skipped="1">
  <testcase classname="com.WebOrder.test.WebOrder_Orders_Test" name="createAndVerifyOrder" time="4.744"/>
  <system-out/>
  <testcase classname="com.WebOrder.test.WebOrder_Orders_Test" name="createAndVerifyOrder" time="4.598"/>
  <system-out/>
  <testcase classname="com.WebOrder.test.WebOrder_Orders_Test" name="createAndVerifyOrder" time="4.743"/>
  <system-out/>
  <testcase classname="com.WebOrder.test.WebOrder_Orders_Test" name="createAndVerifyOrder" time="4.645"/>
  <system-out/>
  <testcase classname="com.WebOrder.test.WebOrder_Orders_Test" name="createAndVerifyOrder" time="4.867"/>
  <system-out/>
  <testcase classname="com.WebOrder.test.WebOrder_Orders_Test" name="createAndVerifyOrder" time="4.718"/>
  <system-out/>
  <testcase classname="com.WebOrder.test.WebOrder_Orders_Test" name="createAndVerifyOrder" time="4.494"/>
  <system-out/>
  <testcase classname="com.WebOrder.test.WebOrder_Orders_Test" name="createAndVerifyOrder" time="6.699"/>
  <system-out/>
  <testcase classname="com.WebOrder.test.WebOrder_Orders_Test" name="createAndVerifyOrder" time="15.144"/>
  <system-out/>
  <testcase classname="com.WebOrder.test.WebOrder_Orders_Test" name="createAndVerifyOrder" time="4.605"/>
  <system-out/>
  <testcase classname="com.WebOrder.test.WebOrder_Orders_Test" name="createAndVerifyOrder" time="4.689"/>
  <system-out/>
  <testcase classname="com.WebOrder.test.WebOrder_Orders_Test" name="createAndVerifyOrder" time="4.531"/>
  <system-out/>
  <testcase classname="com.WebOrder.test.WebOrder_Orders_Test" name="createAndVerifyOrder" time="6.405"/>
  <system-out/>
  <testcase classname="com.WebOrder.test.WebOrder_Orders_Test" name="createAndVerifyOrder" time="4.522"/>
  <system-out/>
  <testcase classname="com.WebOrder.test.WebOrder_Orders_Test" name="verifyCheckAll">
    <skipped/>
  </testcase> <!-- verifyCheckAll -->
  <system-out/>
</testsuite> <!-- com.WebOrder.test.WebOrder_Orders_Test -->
