<?xml version="1.0" encoding="UTF-8"?>
<!-- Generated by org.testng.reporters.JUnitReportReporter -->
<testsuite hostname="EC2AMAZ-8KL45D2" failures="0" tests="17" name="com.WebOrder.test.WebOrder_ViewAllOrders_Test" time="15.832" errors="0" timestamp="2024-09-27T07:02:53 UTC" skipped="0">
  <testcase classname="com.WebOrder.test.WebOrder_ViewAllOrders_Test" name="verifyCheckAll" time="1.579"/>
  <system-out/>
  <testcase classname="com.WebOrder.test.WebOrder_ViewAllOrders_Test" name="verifyUnCheckAll" time="0.387"/>
  <system-out/>
  <testcase classname="com.WebOrder.test.WebOrder_ViewAllOrders_Test" name="verifyDeleteOrder" time="0.610"/>
  <system-out/>
  <testcase classname="com.WebOrder.test.WebOrder_ViewAllOrders_Test" name="verifyEditOrder" time="2.677"/>
  <system-out/>
  <testcase classname="com.WebOrder.test.WebOrder_ViewAllOrders_Test" name="verifyEditOrder" time="2.835"/>
  <system-out/>
  <testcase classname="com.WebOrder.test.WebOrder_ViewAllOrders_Test" name="verifyError" time="0.740"/>
  <system-out/>
  <testcase classname="com.WebOrder.test.WebOrder_ViewAllOrders_Test" name="verifyError" time="0.623"/>
  <system-out/>
  <testcase classname="com.WebOrder.test.WebOrder_ViewAllOrders_Test" name="verifyError" time="0.466"/>
  <system-out/>
  <testcase classname="com.WebOrder.test.WebOrder_ViewAllOrders_Test" name="verifyError" time="0.588"/>
  <system-out/>
  <testcase classname="com.WebOrder.test.WebOrder_ViewAllOrders_Test" name="verifyError" time="0.655"/>
  <system-out/>
  <testcase classname="com.WebOrder.test.WebOrder_ViewAllOrders_Test" name="verifyError" time="0.433"/>
  <system-out/>
  <testcase classname="com.WebOrder.test.WebOrder_ViewAllOrders_Test" name="verifyError" time="0.678"/>
  <system-out/>
  <testcase classname="com.WebOrder.test.WebOrder_ViewAllOrders_Test" name="verifyError" time="0.746"/>
  <system-out/>
  <testcase classname="com.WebOrder.test.WebOrder_ViewAllOrders_Test" name="verifyError" time="0.640"/>
  <system-out/>
  <testcase classname="com.WebOrder.test.WebOrder_ViewAllOrders_Test" name="verifyError" time="0.717"/>
  <system-out/>
  <testcase classname="com.WebOrder.test.WebOrder_ViewAllOrders_Test" name="verifyError" time="0.663"/>
  <system-out/>
  <testcase classname="com.WebOrder.test.WebOrder_ViewAllOrders_Test" name="verifyError" time="0.795"/>
  <system-out/>
</testsuite> <!-- com.WebOrder.test.WebOrder_ViewAllOrders_Test -->
